2025-12-07 09:25:52 | __main__                       | ERROR    | Fatal error: Error HTTPConnectionPool(host='localhost', port=8123): Max retries exceeded with url: /? (Caused by NewConnectionError('<urllib3.connection.HTTPConnection object at 0x00000198358816D0>: Failed to establish a new connection: [WinError 10061] No connection could be made because the target machine actively refused it')) executing HTTP request attempt 1 (http://localhost:8123)
Traceback (most recent call last):
  File "C:\Users\ryanh\OneDrive\Desktop\Code\KalshiMonorepo\venv\Lib\site-packages\urllib3\connection.py", line 198, in _new_conn
    sock = connection.create_connection(
        (self._dns_host, self.port),
    ...<2 lines>...
        socket_options=self.socket_options,
    )
  File "C:\Users\ryanh\OneDrive\Desktop\Code\KalshiMonorepo\venv\Lib\site-packages\urllib3\util\connection.py", line 85, in create_connection
    raise err
  File "C:\Users\ryanh\OneDrive\Desktop\Code\KalshiMonorepo\venv\Lib\site-packages\urllib3\util\connection.py", line 73, in create_connection
    sock.connect(sa)
    ~~~~~~~~~~~~^^^^
ConnectionRefusedError: [WinError 10061] No connection could be made because the target machine actively refused it

The above exception was the direct cause of the following exception:

Traceback (most recent call last):
  File "C:\Users\ryanh\OneDrive\Desktop\Code\KalshiMonorepo\venv\Lib\site-packages\urllib3\connectionpool.py", line 787, in urlopen
    response = self._make_request(
        conn,
    ...<10 lines>...
        **response_kw,
    )
  File "C:\Users\ryanh\OneDrive\Desktop\Code\KalshiMonorepo\venv\Lib\site-packages\urllib3\connectionpool.py", line 493, in _make_request
    conn.request(
    ~~~~~~~~~~~~^
        method,
        ^^^^^^^
    ...<6 lines>...
        enforce_content_length=enforce_content_length,
        ^^^^^^^^^^^^^^^^^^^^^^^^^^^^^^^^^^^^^^^^^^^^^^
    )
    ^
  File "C:\Users\ryanh\OneDrive\Desktop\Code\KalshiMonorepo\venv\Lib\site-packages\urllib3\connection.py", line 494, in request
    self.endheaders()
    ~~~~~~~~~~~~~~~^^
  File "C:\Program Files\WindowsApps\PythonSoftwareFoundation.Python.3.13_3.13.2544.0_x64__qbz5n2kfra8p0\Lib\http\client.py", line 1333, in endheaders
    self._send_output(message_body, encode_chunked=encode_chunked)
    ~~~~~~~~~~~~~~~~~^^^^^^^^^^^^^^^^^^^^^^^^^^^^^^^^^^^^^^^^^^^^^
  File "C:\Program Files\WindowsApps\PythonSoftwareFoundation.Python.3.13_3.13.2544.0_x64__qbz5n2kfra8p0\Lib\http\client.py", line 1093, in _send_output
    self.send(msg)
    ~~~~~~~~~^^^^^
  File "C:\Program Files\WindowsApps\PythonSoftwareFoundation.Python.3.13_3.13.2544.0_x64__qbz5n2kfra8p0\Lib\http\client.py", line 1037, in send
    self.connect()
    ~~~~~~~~~~~~^^
  File "C:\Users\ryanh\OneDrive\Desktop\Code\KalshiMonorepo\venv\Lib\site-packages\urllib3\connection.py", line 325, in connect
    self.sock = self._new_conn()
                ~~~~~~~~~~~~~~^^
  File "C:\Users\ryanh\OneDrive\Desktop\Code\KalshiMonorepo\venv\Lib\site-packages\urllib3\connection.py", line 213, in _new_conn
    raise NewConnectionError(
        self, f"Failed to establish a new connection: {e}"
    ) from e
urllib3.exceptions.NewConnectionError: <urllib3.connection.HTTPConnection object at 0x00000198358816D0>: Failed to establish a new connection: [WinError 10061] No connection could be made because the target machine actively refused it

The above exception was the direct cause of the following exception:

Traceback (most recent call last):
  File "C:\Users\ryanh\OneDrive\Desktop\Code\KalshiMonorepo\venv\Lib\site-packages\clickhouse_connect\driver\httpclient.py", line 522, in _raw_request
    response = self.http.request(method, url, **kwargs)
  File "C:\Users\ryanh\OneDrive\Desktop\Code\KalshiMonorepo\venv\Lib\site-packages\urllib3\_request_methods.py", line 143, in request
    return self.request_encode_body(
           ~~~~~~~~~~~~~~~~~~~~~~~~^
        method, url, fields=fields, headers=headers, **urlopen_kw
        ^^^^^^^^^^^^^^^^^^^^^^^^^^^^^^^^^^^^^^^^^^^^^^^^^^^^^^^^^
    )
    ^
  File "C:\Users\ryanh\OneDrive\Desktop\Code\KalshiMonorepo\venv\Lib\site-packages\urllib3\_request_methods.py", line 278, in request_encode_body
    return self.urlopen(method, url, **extra_kw)
           ~~~~~~~~~~~~^^^^^^^^^^^^^^^^^^^^^^^^^
  File "C:\Users\ryanh\OneDrive\Desktop\Code\KalshiMonorepo\venv\Lib\site-packages\urllib3\poolmanager.py", line 459, in urlopen
    response = conn.urlopen(method, u.request_uri, **kw)
  File "C:\Users\ryanh\OneDrive\Desktop\Code\KalshiMonorepo\venv\Lib\site-packages\urllib3\connectionpool.py", line 871, in urlopen
    return self.urlopen(
           ~~~~~~~~~~~~^
        method,
        ^^^^^^^
    ...<13 lines>...
        **response_kw,
        ^^^^^^^^^^^^^^
    )
    ^
  File "C:\Users\ryanh\OneDrive\Desktop\Code\KalshiMonorepo\venv\Lib\site-packages\urllib3\connectionpool.py", line 841, in urlopen
    retries = retries.increment(
        method, url, error=new_e, _pool=self, _stacktrace=sys.exc_info()[2]
    )
  File "C:\Users\ryanh\OneDrive\Desktop\Code\KalshiMonorepo\venv\Lib\site-packages\urllib3\util\retry.py", line 519, in increment
    raise MaxRetryError(_pool, url, reason) from reason  # type: ignore[arg-type]
    ^^^^^^^^^^^^^^^^^^^^^^^^^^^^^^^^^^^^^^^^^^^^^^^^^^^
urllib3.exceptions.MaxRetryError: HTTPConnectionPool(host='localhost', port=8123): Max retries exceeded with url: /? (Caused by NewConnectionError('<urllib3.connection.HTTPConnection object at 0x00000198358816D0>: Failed to establish a new connection: [WinError 10061] No connection could be made because the target machine actively refused it'))

The above exception was the direct cause of the following exception:

Traceback (most recent call last):
  File "C:\Users\ryanh\OneDrive\Desktop\Code\KalshiMonorepo\src\kalshifolder\websocket\streamer_logged.py", line 256, in <module>
    asyncio.run(main())
    ~~~~~~~~~~~^^^^^^^^
  File "C:\Program Files\WindowsApps\PythonSoftwareFoundation.Python.3.13_3.13.2544.0_x64__qbz5n2kfra8p0\Lib\asyncio\runners.py", line 195, in run
    return runner.run(main)
           ~~~~~~~~~~^^^^^^
  File "C:\Program Files\WindowsApps\PythonSoftwareFoundation.Python.3.13_3.13.2544.0_x64__qbz5n2kfra8p0\Lib\asyncio\runners.py", line 118, in run
    return self._loop.run_until_complete(task)
           ~~~~~~~~~~~~~~~~~~~~~~~~~~~~~^^^^^^
  File "C:\Program Files\WindowsApps\PythonSoftwareFoundation.Python.3.13_3.13.2544.0_x64__qbz5n2kfra8p0\Lib\asyncio\base_events.py", line 725, in run_until_complete
    return future.result()
           ~~~~~~~~~~~~~^^
  File "C:\Users\ryanh\OneDrive\Desktop\Code\KalshiMonorepo\src\kalshifolder\websocket\streamer_logged.py", line 58, in main
    ch = ClickHouseSink()  # hot
  File "C:\Users\ryanh\OneDrive\Desktop\Code\KalshiMonorepo\src\databases\processing\clickhouse_sink.py", line 42, in __init__
    self.client = clickhouse_connect.get_client(
                  ~~~~~~~~~~~~~~~~~~~~~~~~~~~~~^
        host=host,
        ^^^^^^^^^^
    ...<6 lines>...
        settings=client_settings,
        ^^^^^^^^^^^^^^^^^^^^^^^^^
    )
    ^
  File "C:\Users\ryanh\OneDrive\Desktop\Code\KalshiMonorepo\venv\Lib\site-packages\clickhouse_connect\driver\__init__.py", line 125, in create_client
    return HttpClient(interface, host, port, username, password, database, access_token,
                      settings=settings, **kwargs)
  File "C:\Users\ryanh\OneDrive\Desktop\Code\KalshiMonorepo\venv\Lib\site-packages\clickhouse_connect\driver\httpclient.py", line 174, in __init__
    super().__init__(database=database,
    ~~~~~~~~~~~~~~~~^^^^^^^^^^^^^^^^^^^
                     uri=self.url,
                     ^^^^^^^^^^^^^
    ...<3 lines>...
                     apply_server_timezone=apply_server_timezone,
                     ^^^^^^^^^^^^^^^^^^^^^^^^^^^^^^^^^^^^^^^^^^^^
                     show_clickhouse_errors=show_clickhouse_errors)
                     ^^^^^^^^^^^^^^^^^^^^^^^^^^^^^^^^^^^^^^^^^^^^^^
  File "C:\Users\ryanh\OneDrive\Desktop\Code\KalshiMonorepo\venv\Lib\site-packages\clickhouse_connect\driver\client.py", line 71, in __init__
    self._init_common_settings(apply_server_timezone)
    ~~~~~~~~~~~~~~~~~~~~~~~~~~^^^^^^^^^^^^^^^^^^^^^^^
  File "C:\Users\ryanh\OneDrive\Desktop\Code\KalshiMonorepo\venv\Lib\site-packages\clickhouse_connect\driver\client.py", line 76, in _init_common_settings
    tuple(self.command('SELECT version(), timezone()', use_database=False))
          ~~~~~~~~~~~~^^^^^^^^^^^^^^^^^^^^^^^^^^^^^^^^^^^^^^^^^^^^^^^^^^^^
  File "C:\Users\ryanh\OneDrive\Desktop\Code\KalshiMonorepo\venv\Lib\site-packages\clickhouse_connect\driver\httpclient.py", line 412, in command
    response = self._raw_request(payload, params, headers, method, fields=fields, server_wait=False)
  File "C:\Users\ryanh\OneDrive\Desktop\Code\KalshiMonorepo\venv\Lib\site-packages\clickhouse_connect\driver\httpclient.py", line 534, in _raw_request
    raise OperationalError(f'Error {ex} executing HTTP request attempt {attempts}{err_url}') from ex
clickhouse_connect.driver.exceptions.OperationalError: Error HTTPConnectionPool(host='localhost', port=8123): Max retries exceeded with url: /? (Caused by NewConnectionError('<urllib3.connection.HTTPConnection object at 0x00000198358816D0>: Failed to establish a new connection: [WinError 10061] No connection could be made because the target machine actively refused it')) executing HTTP request attempt 1 (http://localhost:8123)
